CoreHierarchy.sysmel
CoreSemantics.sysmel
SemanticAnalysisMapping.sysmel
TypeChecking.sysmel
TypeInference.sysmel
Symbol.sysmel
Environment.sysmel
MacroInvocationContext.sysmel
ASTAnalyzer.sysmel
ControlFlowNodes.sysmel
BasicConversionNodes.sysmel
ProgramEntity.sysmel
Namespace.sysmel
Variable.sysmel
FunctionVariable.sysmel
ArgumentVariable.sysmel
BlockClosure.sysmel
FieldVariable.sysmel
LocalVariable.sysmel
TypeDefinition.sysmel
FunctionCall.sysmel
FunctionDefinition.sysmel
FunctionType.sysmel
MethodDefinition.sysmel
ClassDefinition.sysmel
StructureDefinition.sysmel
UnionDefinition.sysmel
Macros.sysmel
MetaBuilder.sysmel
FlagMetaBuilder.sysmel
FieldMetaBuilder.sysmel
LetMetaBuilder.sysmel
NamespaceMetaBuilder.sysmel
FunctionDefinitionMetaBuilder.sysmel
MethodDefinitionMetaBuilder.sysmel
TypeDefinitionMetaBuilder.sysmel
ClassDefinitionMetaBuilder.sysmel
StructureDefinitionMetaBuilder.sysmel
UnionDefinitionMetaBuilder.sysmel
ParseTreeMapping.sysmel
Tests.sysmel
Finish.sysmel
